Obtaining file:///nfs/roberts/project/pi_jks79/zss8/latent-to-pixel-decoder
  Installing build dependencies: started
  Installing build dependencies: finished with status 'done'
  Checking if build backend supports build_editable: started
  Checking if build backend supports build_editable: finished with status 'done'
  Getting requirements to build editable: started
  Getting requirements to build editable: finished with status 'done'
  Preparing editable metadata (pyproject.toml): started
  Preparing editable metadata (pyproject.toml): finished with status 'done'
Requirement already satisfied: torch>=2.2 in /home/zss8/.conda/envs/vjepa-physics-decoder/lib/python3.11/site-packages (from vjepa-physics-decoder==0.1.0) (2.12.1)
Requirement already satisfied: numpy>=1.24 in /home/zss8/.conda/envs/vjepa-physics-decoder/lib/python3.11/site-packages (from vjepa-physics-decoder==0.1.0) (2.4.6)
Requirement already satisfied: omegaconf>=2.3 in /home/zss8/.conda/envs/vjepa-physics-decoder/lib/python3.11/site-packages (from vjepa-physics-decoder==0.1.0) (2.3.1)
Requirement already satisfied: einops>=0.7 in /home/zss8/.conda/envs/vjepa-physics-decoder/lib/python3.11/site-packages (from vjepa-physics-decoder==0.1.0) (0.8.2)
Requirement already satisfied: imageio>=2.31 in /home/zss8/.conda/envs/vjepa-physics-decoder/lib/python3.11/site-packages (from imageio[ffmpeg]>=2.31->vjepa-physics-decoder==0.1.0) (2.37.3)
Requirement already satisfied: pyarrow>=14.0 in /home/zss8/.conda/envs/vjepa-physics-decoder/lib/python3.11/site-packages (from vjepa-physics-decoder==0.1.0) (24.0.0)
Requirement already satisfied: scikit-learn>=1.3 in /home/zss8/.conda/envs/vjepa-physics-decoder/lib/python3.11/site-packages (from vjepa-physics-decoder==0.1.0) (1.9.0)
Requirement already satisfied: scipy>=1.11 in /home/zss8/.conda/envs/vjepa-physics-decoder/lib/python3.11/site-packages (from vjepa-physics-decoder==0.1.0) (1.17.1)
Requirement already satisfied: tqdm>=4.66 in /home/zss8/.conda/envs/vjepa-physics-decoder/lib/python3.11/site-packages (from vjepa-physics-decoder==0.1.0) (4.68.3)
Requirement already satisfied: accelerate>=0.27 in /home/zss8/.conda/envs/vjepa-physics-decoder/lib/python3.11/site-packages (from vjepa-physics-decoder==0.1.0) (1.14.0)
Requirement already satisfied: pandas>=2.0 in /home/zss8/.conda/envs/vjepa-physics-decoder/lib/python3.11/site-packages (from vjepa-physics-decoder==0.1.0) (3.0.3)
Requirement already satisfied: matplotlib>=3.7 in /home/zss8/.conda/envs/vjepa-physics-decoder/lib/python3.11/site-packages (from vjepa-physics-decoder==0.1.0) (3.11.0)
Requirement already satisfied: genesis-world in /home/zss8/.conda/envs/vjepa-physics-decoder/lib/python3.11/site-packages (from vjepa-physics-decoder==0.1.0) (1.1.2)
Requirement already satisfied: packaging>=20.0 in /home/zss8/.conda/envs/vjepa-physics-decoder/lib/python3.11/site-packages (from accelerate>=0.27->vjepa-physics-decoder==0.1.0) (26.2)
Requirement already satisfied: psutil in /home/zss8/.conda/envs/vjepa-physics-decoder/lib/python3.11/site-packages (from accelerate>=0.27->vjepa-physics-decoder==0.1.0) (7.2.2)
Requirement already satisfied: pyyaml in /home/zss8/.conda/envs/vjepa-physics-decoder/lib/python3.11/site-packages (from accelerate>=0.27->vjepa-physics-decoder==0.1.0) (6.0.3)
Requirement already satisfied: huggingface_hub>=0.21.0 in /home/zss8/.conda/envs/vjepa-physics-decoder/lib/python3.11/site-packages (from accelerate>=0.27->vjepa-physics-decoder==0.1.0) (1.20.1)
Requirement already satisfied: safetensors>=0.4.3 in /home/zss8/.conda/envs/vjepa-physics-decoder/lib/python3.11/site-packages (from accelerate>=0.27->vjepa-physics-decoder==0.1.0) (0.8.0)
Requirement already satisfied: click>=8.4.0 in /home/zss8/.conda/envs/vjepa-physics-decoder/lib/python3.11/site-packages (from huggingface_hub>=0.21.0->accelerate>=0.27->vjepa-physics-decoder==0.1.0) (8.4.1)
Requirement already satisfied: filelock>=3.10.0 in /home/zss8/.conda/envs/vjepa-physics-decoder/lib/python3.11/site-packages (from huggingface_hub>=0.21.0->accelerate>=0.27->vjepa-physics-decoder==0.1.0) (3.29.4)
Requirement already satisfied: fsspec>=2023.5.0 in /home/zss8/.conda/envs/vjepa-physics-decoder/lib/python3.11/site-packages (from huggingface_hub>=0.21.0->accelerate>=0.27->vjepa-physics-decoder==0.1.0) (2026.6.0)
Requirement already satisfied: hf-xet<2.0.0,>=1.5.1 in /home/zss8/.conda/envs/vjepa-physics-decoder/lib/python3.11/site-packages (from huggingface_hub>=0.21.0->accelerate>=0.27->vjepa-physics-decoder==0.1.0) (1.5.1)
Requirement already satisfied: httpx<1,>=0.23.0 in /home/zss8/.conda/envs/vjepa-physics-decoder/lib/python3.11/site-packages (from huggingface_hub>=0.21.0->accelerate>=0.27->vjepa-physics-decoder==0.1.0) (0.28.1)
Requirement already satisfied: typer<0.26.0,>=0.20.0 in /home/zss8/.conda/envs/vjepa-physics-decoder/lib/python3.11/site-packages (from huggingface_hub>=0.21.0->accelerate>=0.27->vjepa-physics-decoder==0.1.0) (0.25.1)
Requirement already satisfied: typing-extensions>=4.1.0 in /home/zss8/.conda/envs/vjepa-physics-decoder/lib/python3.11/site-packages (from huggingface_hub>=0.21.0->accelerate>=0.27->vjepa-physics-decoder==0.1.0) (4.15.0)
Requirement already satisfied: anyio in /home/zss8/.conda/envs/vjepa-physics-decoder/lib/python3.11/site-packages (from httpx<1,>=0.23.0->huggingface_hub>=0.21.0->accelerate>=0.27->vjepa-physics-decoder==0.1.0) (4.14.0)
Requirement already satisfied: certifi in /home/zss8/.conda/envs/vjepa-physics-decoder/lib/python3.11/site-packages (from httpx<1,>=0.23.0->huggingface_hub>=0.21.0->accelerate>=0.27->vjepa-physics-decoder==0.1.0) (2026.6.17)
Requirement already satisfied: httpcore==1.* in /home/zss8/.conda/envs/vjepa-physics-decoder/lib/python3.11/site-packages (from httpx<1,>=0.23.0->huggingface_hub>=0.21.0->accelerate>=0.27->vjepa-physics-decoder==0.1.0) (1.0.9)
Requirement already satisfied: idna in /home/zss8/.conda/envs/vjepa-physics-decoder/lib/python3.11/site-packages (from httpx<1,>=0.23.0->huggingface_hub>=0.21.0->accelerate>=0.27->vjepa-physics-decoder==0.1.0) (3.18)
Requirement already satisfied: h11>=0.16 in /home/zss8/.conda/envs/vjepa-physics-decoder/lib/python3.11/site-packages (from httpcore==1.*->httpx<1,>=0.23.0->huggingface_hub>=0.21.0->accelerate>=0.27->vjepa-physics-decoder==0.1.0) (0.16.0)
Requirement already satisfied: shellingham>=1.3.0 in /home/zss8/.conda/envs/vjepa-physics-decoder/lib/python3.11/site-packages (from typer<0.26.0,>=0.20.0->huggingface_hub>=0.21.0->accelerate>=0.27->vjepa-physics-decoder==0.1.0) (1.5.4)
Requirement already satisfied: rich>=13.8.0 in /home/zss8/.conda/envs/vjepa-physics-decoder/lib/python3.11/site-packages (from typer<0.26.0,>=0.20.0->huggingface_hub>=0.21.0->accelerate>=0.27->vjepa-physics-decoder==0.1.0) (15.0.0)
Requirement already satisfied: annotated-doc>=0.0.2 in /home/zss8/.conda/envs/vjepa-physics-decoder/lib/python3.11/site-packages (from typer<0.26.0,>=0.20.0->huggingface_hub>=0.21.0->accelerate>=0.27->vjepa-physics-decoder==0.1.0) (0.0.4)
Requirement already satisfied: pillow>=8.3.2 in /home/zss8/.conda/envs/vjepa-physics-decoder/lib/python3.11/site-packages (from imageio>=2.31->imageio[ffmpeg]>=2.31->vjepa-physics-decoder==0.1.0) (11.3.0)
Requirement already satisfied: imageio-ffmpeg in /home/zss8/.conda/envs/vjepa-physics-decoder/lib/python3.11/site-packages (from imageio[ffmpeg]>=2.31->vjepa-physics-decoder==0.1.0) (0.6.0)
Requirement already satisfied: contourpy>=1.0.1 in /home/zss8/.conda/envs/vjepa-physics-decoder/lib/python3.11/site-packages (from matplotlib>=3.7->vjepa-physics-decoder==0.1.0) (1.3.3)
Requirement already satisfied: cycler>=0.10 in /home/zss8/.conda/envs/vjepa-physics-decoder/lib/python3.11/site-packages (from matplotlib>=3.7->vjepa-physics-decoder==0.1.0) (0.12.1)
Requirement already satisfied: fonttools>=4.22.0 in /home/zss8/.conda/envs/vjepa-physics-decoder/lib/python3.11/site-packages (from matplotlib>=3.7->vjepa-physics-decoder==0.1.0) (4.63.0)
Requirement already satisfied: kiwisolver>=1.3.1 in /home/zss8/.conda/envs/vjepa-physics-decoder/lib/python3.11/site-packages (from matplotlib>=3.7->vjepa-physics-decoder==0.1.0) (1.5.0)
Requirement already satisfied: pyparsing>=3 in /home/zss8/.conda/envs/vjepa-physics-decoder/lib/python3.11/site-packages (from matplotlib>=3.7->vjepa-physics-decoder==0.1.0) (3.3.2)
Requirement already satisfied: python-dateutil>=2.7 in /home/zss8/.conda/envs/vjepa-physics-decoder/lib/python3.11/site-packages (from matplotlib>=3.7->vjepa-physics-decoder==0.1.0) (2.9.0.post0)
Requirement already satisfied: antlr4-python3-runtime==4.9.* in /home/zss8/.conda/envs/vjepa-physics-decoder/lib/python3.11/site-packages (from omegaconf>=2.3->vjepa-physics-decoder==0.1.0) (4.9.3)
Requirement already satisfied: six>=1.5 in /home/zss8/.conda/envs/vjepa-physics-decoder/lib/python3.11/site-packages (from python-dateutil>=2.7->matplotlib>=3.7->vjepa-physics-decoder==0.1.0) (1.17.0)
Requirement already satisfied: markdown-it-py>=2.2.0 in /home/zss8/.conda/envs/vjepa-physics-decoder/lib/python3.11/site-packages (from rich>=13.8.0->typer<0.26.0,>=0.20.0->huggingface_hub>=0.21.0->accelerate>=0.27->vjepa-physics-decoder==0.1.0) (4.2.0)
Requirement already satisfied: pygments<3.0.0,>=2.13.0 in /home/zss8/.conda/envs/vjepa-physics-decoder/lib/python3.11/site-packages (from rich>=13.8.0->typer<0.26.0,>=0.20.0->huggingface_hub>=0.21.0->accelerate>=0.27->vjepa-physics-decoder==0.1.0) (2.20.0)
Requirement already satisfied: mdurl~=0.1 in /home/zss8/.conda/envs/vjepa-physics-decoder/lib/python3.11/site-packages (from markdown-it-py>=2.2.0->rich>=13.8.0->typer<0.26.0,>=0.20.0->huggingface_hub>=0.21.0->accelerate>=0.27->vjepa-physics-decoder==0.1.0) (0.1.2)
Requirement already satisfied: joblib>=1.4.0 in /home/zss8/.conda/envs/vjepa-physics-decoder/lib/python3.11/site-packages (from scikit-learn>=1.3->vjepa-physics-decoder==0.1.0) (1.5.3)
Requirement already satisfied: narwhals>=2.0.1 in /home/zss8/.conda/envs/vjepa-physics-decoder/lib/python3.11/site-packages (from scikit-learn>=1.3->vjepa-physics-decoder==0.1.0) (2.22.1)
Requirement already satisfied: threadpoolctl>=3.5.0 in /home/zss8/.conda/envs/vjepa-physics-decoder/lib/python3.11/site-packages (from scikit-learn>=1.3->vjepa-physics-decoder==0.1.0) (3.6.0)
Requirement already satisfied: setuptools<82 in /home/zss8/.conda/envs/vjepa-physics-decoder/lib/python3.11/site-packages (from torch>=2.2->vjepa-physics-decoder==0.1.0) (81.0.0)
Requirement already satisfied: sympy>=1.13.3 in /home/zss8/.conda/envs/vjepa-physics-decoder/lib/python3.11/site-packages (from torch>=2.2->vjepa-physics-decoder==0.1.0) (1.14.0)
Requirement already satisfied: networkx>=2.5.1 in /home/zss8/.conda/envs/vjepa-physics-decoder/lib/python3.11/site-packages (from torch>=2.2->vjepa-physics-decoder==0.1.0) (3.6.1)
Requirement already satisfied: jinja2 in /home/zss8/.conda/envs/vjepa-physics-decoder/lib/python3.11/site-packages (from torch>=2.2->vjepa-physics-decoder==0.1.0) (3.1.6)
Requirement already satisfied: cuda-toolkit==13.0.2 in /home/zss8/.conda/envs/vjepa-physics-decoder/lib/python3.11/site-packages (from cuda-toolkit[cudart,cufft,cufile,cupti,curand,cusolver,cusparse,nvjitlink,nvrtc,nvtx]==13.0.2; platform_system == "Linux"->torch>=2.2->vjepa-physics-decoder==0.1.0) (13.0.2)
Requirement already satisfied: nvidia-cublas<=13.1.1.3,>=13.1.0.3 in /home/zss8/.conda/envs/vjepa-physics-decoder/lib/python3.11/site-packages (from torch>=2.2->vjepa-physics-decoder==0.1.0) (13.1.1.3)
Requirement already satisfied: cuda-bindings<14,>=13.0.3 in /home/zss8/.conda/envs/vjepa-physics-decoder/lib/python3.11/site-packages (from torch>=2.2->vjepa-physics-decoder==0.1.0) (13.3.1)
Requirement already satisfied: nvidia-cudnn-cu13==9.20.0.48 in /home/zss8/.conda/envs/vjepa-physics-decoder/lib/python3.11/site-packages (from torch>=2.2->vjepa-physics-decoder==0.1.0) (9.20.0.48)
Requirement already satisfied: nvidia-cusparselt-cu13==0.8.1 in /home/zss8/.conda/envs/vjepa-physics-decoder/lib/python3.11/site-packages (from torch>=2.2->vjepa-physics-decoder==0.1.0) (0.8.1)
Requirement already satisfied: nvidia-nccl-cu13==2.29.7 in /home/zss8/.conda/envs/vjepa-physics-decoder/lib/python3.11/site-packages (from torch>=2.2->vjepa-physics-decoder==0.1.0) (2.29.7)
Requirement already satisfied: nvidia-nvshmem-cu13==3.4.5 in /home/zss8/.conda/envs/vjepa-physics-decoder/lib/python3.11/site-packages (from torch>=2.2->vjepa-physics-decoder==0.1.0) (3.4.5)
Requirement already satisfied: triton==3.7.1 in /home/zss8/.conda/envs/vjepa-physics-decoder/lib/python3.11/site-packages (from torch>=2.2->vjepa-physics-decoder==0.1.0) (3.7.1)
Requirement already satisfied: nvidia-cuda-runtime==13.0.96.* in /home/zss8/.conda/envs/vjepa-physics-decoder/lib/python3.11/site-packages (from cuda-toolkit[cudart,cufft,cufile,cupti,curand,cusolver,cusparse,nvjitlink,nvrtc,nvtx]==13.0.2; platform_system == "Linux"->torch>=2.2->vjepa-physics-decoder==0.1.0) (13.0.96)
Requirement already satisfied: nvidia-cufft==12.0.0.61.* in /home/zss8/.conda/envs/vjepa-physics-decoder/lib/python3.11/site-packages (from cuda-toolkit[cudart,cufft,cufile,cupti,curand,cusolver,cusparse,nvjitlink,nvrtc,nvtx]==13.0.2; platform_system == "Linux"->torch>=2.2->vjepa-physics-decoder==0.1.0) (12.0.0.61)
Requirement already satisfied: nvidia-cufile==1.15.1.6.* in /home/zss8/.conda/envs/vjepa-physics-decoder/lib/python3.11/site-packages (from cuda-toolkit[cudart,cufft,cufile,cupti,curand,cusolver,cusparse,nvjitlink,nvrtc,nvtx]==13.0.2; platform_system == "Linux"->torch>=2.2->vjepa-physics-decoder==0.1.0) (1.15.1.6)
Requirement already satisfied: nvidia-cuda-cupti==13.0.85.* in /home/zss8/.conda/envs/vjepa-physics-decoder/lib/python3.11/site-packages (from cuda-toolkit[cudart,cufft,cufile,cupti,curand,cusolver,cusparse,nvjitlink,nvrtc,nvtx]==13.0.2; platform_system == "Linux"->torch>=2.2->vjepa-physics-decoder==0.1.0) (13.0.85)
Requirement already satisfied: nvidia-curand==10.4.0.35.* in /home/zss8/.conda/envs/vjepa-physics-decoder/lib/python3.11/site-packages (from cuda-toolkit[cudart,cufft,cufile,cupti,curand,cusolver,cusparse,nvjitlink,nvrtc,nvtx]==13.0.2; platform_system == "Linux"->torch>=2.2->vjepa-physics-decoder==0.1.0) (10.4.0.35)
Requirement already satisfied: nvidia-cusolver==12.0.4.66.* in /home/zss8/.conda/envs/vjepa-physics-decoder/lib/python3.11/site-packages (from cuda-toolkit[cudart,cufft,cufile,cupti,curand,cusolver,cusparse,nvjitlink,nvrtc,nvtx]==13.0.2; platform_system == "Linux"->torch>=2.2->vjepa-physics-decoder==0.1.0) (12.0.4.66)
Requirement already satisfied: nvidia-cusparse==12.6.3.3.* in /home/zss8/.conda/envs/vjepa-physics-decoder/lib/python3.11/site-packages (from cuda-toolkit[cudart,cufft,cufile,cupti,curand,cusolver,cusparse,nvjitlink,nvrtc,nvtx]==13.0.2; platform_system == "Linux"->torch>=2.2->vjepa-physics-decoder==0.1.0) (12.6.3.3)
Requirement already satisfied: nvidia-nvjitlink==13.0.88.* in /home/zss8/.conda/envs/vjepa-physics-decoder/lib/python3.11/site-packages (from cuda-toolkit[cudart,cufft,cufile,cupti,curand,cusolver,cusparse,nvjitlink,nvrtc,nvtx]==13.0.2; platform_system == "Linux"->torch>=2.2->vjepa-physics-decoder==0.1.0) (13.0.88)
Requirement already satisfied: nvidia-cuda-nvrtc==13.0.88.* in /home/zss8/.conda/envs/vjepa-physics-decoder/lib/python3.11/site-packages (from cuda-toolkit[cudart,cufft,cufile,cupti,curand,cusolver,cusparse,nvjitlink,nvrtc,nvtx]==13.0.2; platform_system == "Linux"->torch>=2.2->vjepa-physics-decoder==0.1.0) (13.0.88)
Requirement already satisfied: nvidia-nvtx==13.0.85.* in /home/zss8/.conda/envs/vjepa-physics-decoder/lib/python3.11/site-packages (from cuda-toolkit[cudart,cufft,cufile,cupti,curand,cusolver,cusparse,nvjitlink,nvrtc,nvtx]==13.0.2; platform_system == "Linux"->torch>=2.2->vjepa-physics-decoder==0.1.0) (13.0.85)
Requirement already satisfied: cuda-pathfinder>=1.4.2 in /home/zss8/.conda/envs/vjepa-physics-decoder/lib/python3.11/site-packages (from cuda-bindings<14,>=13.0.3->torch>=2.2->vjepa-physics-decoder==0.1.0) (1.5.5)
Requirement already satisfied: mpmath<1.4,>=1.1.0 in /home/zss8/.conda/envs/vjepa-physics-decoder/lib/python3.11/site-packages (from sympy>=1.13.3->torch>=2.2->vjepa-physics-decoder==0.1.0) (1.3.0)
Requirement already satisfied: quadrants==1.0.2 in /home/zss8/.conda/envs/vjepa-physics-decoder/lib/python3.11/site-packages (from genesis-world->vjepa-physics-decoder==0.1.0) (1.0.2)
Requirement already satisfied: pydantic>=2.11.0 in /home/zss8/.conda/envs/vjepa-physics-decoder/lib/python3.11/site-packages (from genesis-world->vjepa-physics-decoder==0.1.0) (2.13.4)
Requirement already satisfied: frozendict in /home/zss8/.conda/envs/vjepa-physics-decoder/lib/python3.11/site-packages (from genesis-world->vjepa-physics-decoder==0.1.0) (2.4.7)
Requirement already satisfied: trimesh>=4.8.2 in /home/zss8/.conda/envs/vjepa-physics-decoder/lib/python3.11/site-packages (from genesis-world->vjepa-physics-decoder==0.1.0) (4.12.2)
Requirement already satisfied: xacro in /home/zss8/.conda/envs/vjepa-physics-decoder/lib/python3.11/site-packages (from genesis-world->vjepa-physics-decoder==0.1.0) (2.1.1)
Requirement already satisfied: libigl!=2.6.2 in /home/zss8/.conda/envs/vjepa-physics-decoder/lib/python3.11/site-packages (from genesis-world->vjepa-physics-decoder==0.1.0) (2.6.1)
Requirement already satisfied: py-cpuinfo in /home/zss8/.conda/envs/vjepa-physics-decoder/lib/python3.11/site-packages (from genesis-world->vjepa-physics-decoder==0.1.0) (9.0.0)
Requirement already satisfied: mujoco>=3.2.5 in /home/zss8/.conda/envs/vjepa-physics-decoder/lib/python3.11/site-packages (from genesis-world->vjepa-physics-decoder==0.1.0) (3.9.0)
Requirement already satisfied: moviepy>=2.0.0 in /home/zss8/.conda/envs/vjepa-physics-decoder/lib/python3.11/site-packages (from genesis-world->vjepa-physics-decoder==0.1.0) (2.2.1)
Requirement already satisfied: pyglet!=2.1.8,>=1.5 in /home/zss8/.conda/envs/vjepa-physics-decoder/lib/python3.11/site-packages (from genesis-world->vjepa-physics-decoder==0.1.0) (2.1.14)
Requirement already satisfied: freetype-py in /home/zss8/.conda/envs/vjepa-physics-decoder/lib/python3.11/site-packages (from genesis-world->vjepa-physics-decoder==0.1.0) (2.5.1)
Requirement already satisfied: PyOpenGL>=3.1.4 in /home/zss8/.conda/envs/vjepa-physics-decoder/lib/python3.11/site-packages (from genesis-world->vjepa-physics-decoder==0.1.0) (3.1.10)
Requirement already satisfied: numba in /home/zss8/.conda/envs/vjepa-physics-decoder/lib/python3.11/site-packages (from genesis-world->vjepa-physics-decoder==0.1.0) (0.65.1)
Requirement already satisfied: pymeshlab in /home/zss8/.conda/envs/vjepa-physics-decoder/lib/python3.11/site-packages (from genesis-world->vjepa-physics-decoder==0.1.0) (2023.12.post3)
Requirement already satisfied: pycollada in /home/zss8/.conda/envs/vjepa-physics-decoder/lib/python3.11/site-packages (from genesis-world->vjepa-physics-decoder==0.1.0) (0.9.3)
Requirement already satisfied: pygltflib==1.16.0 in /home/zss8/.conda/envs/vjepa-physics-decoder/lib/python3.11/site-packages (from genesis-world->vjepa-physics-decoder==0.1.0) (1.16.0)
Requirement already satisfied: DracoPy in /home/zss8/.conda/envs/vjepa-physics-decoder/lib/python3.11/site-packages (from genesis-world->vjepa-physics-decoder==0.1.0) (2.0.0)
Requirement already satisfied: tetgen==0.8.2 in /home/zss8/.conda/envs/vjepa-physics-decoder/lib/python3.11/site-packages (from genesis-world->vjepa-physics-decoder==0.1.0) (0.8.2)
Requirement already satisfied: PyGEL3D in /home/zss8/.conda/envs/vjepa-physics-decoder/lib/python3.11/site-packages (from genesis-world->vjepa-physics-decoder==0.1.0) (0.6.1)
Requirement already satisfied: vtk in /home/zss8/.conda/envs/vjepa-physics-decoder/lib/python3.11/site-packages (from genesis-world->vjepa-physics-decoder==0.1.0) (9.6.2)
Requirement already satisfied: opencv-python in /home/zss8/.conda/envs/vjepa-physics-decoder/lib/python3.11/site-packages (from genesis-world->vjepa-physics-decoder==0.1.0) (4.13.0.92)
Requirement already satisfied: scikit-image in /home/zss8/.conda/envs/vjepa-physics-decoder/lib/python3.11/site-packages (from genesis-world->vjepa-physics-decoder==0.1.0) (0.26.0)
Requirement already satisfied: coacd in /home/zss8/.conda/envs/vjepa-physics-decoder/lib/python3.11/site-packages (from genesis-world->vjepa-physics-decoder==0.1.0) (1.0.11)
Requirement already satisfied: rtree in /home/zss8/.conda/envs/vjepa-physics-decoder/lib/python3.11/site-packages (from genesis-world->vjepa-physics-decoder==0.1.0) (1.4.1)
Requirement already satisfied: z3-solver<4.15.5.0 in /home/zss8/.conda/envs/vjepa-physics-decoder/lib/python3.11/site-packages (from genesis-world->vjepa-physics-decoder==0.1.0) (4.15.4.0)
Requirement already satisfied: OpenEXR in /home/zss8/.conda/envs/vjepa-physics-decoder/lib/python3.11/site-packages (from genesis-world->vjepa-physics-decoder==0.1.0) (3.4.13)
Requirement already satisfied: gs-madrona==0.0.7.post2 in /home/zss8/.conda/envs/vjepa-physics-decoder/lib/python3.11/site-packages (from genesis-world->vjepa-physics-decoder==0.1.0) (0.0.7.post2)
Requirement already satisfied: fast_simplification>=0.1.12 in /home/zss8/.conda/envs/vjepa-physics-decoder/lib/python3.11/site-packages (from genesis-world->vjepa-physics-decoder==0.1.0) (0.1.13)
Requirement already satisfied: pysplashsurf==0.14.* in /home/zss8/.conda/envs/vjepa-physics-decoder/lib/python3.11/site-packages (from genesis-world->vjepa-physics-decoder==0.1.0) (0.14.1.0)
Requirement already satisfied: dataclasses-json>=0.0.25 in /home/zss8/.conda/envs/vjepa-physics-decoder/lib/python3.11/site-packages (from pygltflib==1.16.0->genesis-world->vjepa-physics-decoder==0.1.0) (0.6.7)
Requirement already satisfied: deprecated in /home/zss8/.conda/envs/vjepa-physics-decoder/lib/python3.11/site-packages (from pygltflib==1.16.0->genesis-world->vjepa-physics-decoder==0.1.0) (1.3.1)
Requirement already satisfied: colorama in /home/zss8/.conda/envs/vjepa-physics-decoder/lib/python3.11/site-packages (from quadrants==1.0.2->genesis-world->vjepa-physics-decoder==0.1.0) (0.4.6)
Requirement already satisfied: dill in /home/zss8/.conda/envs/vjepa-physics-decoder/lib/python3.11/site-packages (from quadrants==1.0.2->genesis-world->vjepa-physics-decoder==0.1.0) (0.4.1)
Requirement already satisfied: cffi>=1.16.0 in /home/zss8/.conda/envs/vjepa-physics-decoder/lib/python3.11/site-packages (from quadrants==1.0.2->genesis-world->vjepa-physics-decoder==0.1.0) (2.0.0)
Requirement already satisfied: pycparser in /home/zss8/.conda/envs/vjepa-physics-decoder/lib/python3.11/site-packages (from cffi>=1.16.0->quadrants==1.0.2->genesis-world->vjepa-physics-decoder==0.1.0) (3.0)
Requirement already satisfied: marshmallow<4.0.0,>=3.18.0 in /home/zss8/.conda/envs/vjepa-physics-decoder/lib/python3.11/site-packages (from dataclasses-json>=0.0.25->pygltflib==1.16.0->genesis-world->vjepa-physics-decoder==0.1.0) (3.26.2)
Requirement already satisfied: typing-inspect<1,>=0.4.0 in /home/zss8/.conda/envs/vjepa-physics-decoder/lib/python3.11/site-packages (from dataclasses-json>=0.0.25->pygltflib==1.16.0->genesis-world->vjepa-physics-decoder==0.1.0) (0.9.0)
Requirement already satisfied: mypy-extensions>=0.3.0 in /home/zss8/.conda/envs/vjepa-physics-decoder/lib/python3.11/site-packages (from typing-inspect<1,>=0.4.0->dataclasses-json>=0.0.25->pygltflib==1.16.0->genesis-world->vjepa-physics-decoder==0.1.0) (1.1.0)
Requirement already satisfied: decorator<6.0,>=4.0.2 in /home/zss8/.conda/envs/vjepa-physics-decoder/lib/python3.11/site-packages (from moviepy>=2.0.0->genesis-world->vjepa-physics-decoder==0.1.0) (5.3.1)
Requirement already satisfied: proglog<=1.0.0 in /home/zss8/.conda/envs/vjepa-physics-decoder/lib/python3.11/site-packages (from moviepy>=2.0.0->genesis-world->vjepa-physics-decoder==0.1.0) (0.1.12)
Requirement already satisfied: python-dotenv>=0.10 in /home/zss8/.conda/envs/vjepa-physics-decoder/lib/python3.11/site-packages (from moviepy>=2.0.0->genesis-world->vjepa-physics-decoder==0.1.0) (1.2.2)
Requirement already satisfied: absl-py in /home/zss8/.conda/envs/vjepa-physics-decoder/lib/python3.11/site-packages (from mujoco>=3.2.5->genesis-world->vjepa-physics-decoder==0.1.0) (2.4.0)
Requirement already satisfied: etils[epath] in /home/zss8/.conda/envs/vjepa-physics-decoder/lib/python3.11/site-packages (from mujoco>=3.2.5->genesis-world->vjepa-physics-decoder==0.1.0) (1.14.0)
Requirement already satisfied: glfw in /home/zss8/.conda/envs/vjepa-physics-decoder/lib/python3.11/site-packages (from mujoco>=3.2.5->genesis-world->vjepa-physics-decoder==0.1.0) (2.10.0)
Requirement already satisfied: annotated-types>=0.6.0 in /home/zss8/.conda/envs/vjepa-physics-decoder/lib/python3.11/site-packages (from pydantic>=2.11.0->genesis-world->vjepa-physics-decoder==0.1.0) (0.7.0)
Requirement already satisfied: pydantic-core==2.46.4 in /home/zss8/.conda/envs/vjepa-physics-decoder/lib/python3.11/site-packages (from pydantic>=2.11.0->genesis-world->vjepa-physics-decoder==0.1.0) (2.46.4)
Requirement already satisfied: typing-inspection>=0.4.2 in /home/zss8/.conda/envs/vjepa-physics-decoder/lib/python3.11/site-packages (from pydantic>=2.11.0->genesis-world->vjepa-physics-decoder==0.1.0) (0.4.2)
Requirement already satisfied: wrapt<3,>=1.10 in /home/zss8/.conda/envs/vjepa-physics-decoder/lib/python3.11/site-packages (from deprecated->pygltflib==1.16.0->genesis-world->vjepa-physics-decoder==0.1.0) (2.2.2)
Requirement already satisfied: zipp in /home/zss8/.conda/envs/vjepa-physics-decoder/lib/python3.11/site-packages (from etils[epath]->mujoco>=3.2.5->genesis-world->vjepa-physics-decoder==0.1.0) (4.1.0)
Requirement already satisfied: MarkupSafe>=2.0 in /home/zss8/.conda/envs/vjepa-physics-decoder/lib/python3.11/site-packages (from jinja2->torch>=2.2->vjepa-physics-decoder==0.1.0) (3.0.3)
Requirement already satisfied: llvmlite<0.48,>=0.47.0dev0 in /home/zss8/.conda/envs/vjepa-physics-decoder/lib/python3.11/site-packages (from numba->genesis-world->vjepa-physics-decoder==0.1.0) (0.47.0)
Requirement already satisfied: plotly==5.24.1 in /home/zss8/.conda/envs/vjepa-physics-decoder/lib/python3.11/site-packages (from PyGEL3D->genesis-world->vjepa-physics-decoder==0.1.0) (5.24.1)
Requirement already satisfied: tenacity>=6.2.0 in /home/zss8/.conda/envs/vjepa-physics-decoder/lib/python3.11/site-packages (from plotly==5.24.1->PyGEL3D->genesis-world->vjepa-physics-decoder==0.1.0) (9.1.4)
Requirement already satisfied: tifffile>=2022.8.12 in /home/zss8/.conda/envs/vjepa-physics-decoder/lib/python3.11/site-packages (from scikit-image->genesis-world->vjepa-physics-decoder==0.1.0) (2026.3.3)
Requirement already satisfied: lazy-loader>=0.4 in /home/zss8/.conda/envs/vjepa-physics-decoder/lib/python3.11/site-packages (from scikit-image->genesis-world->vjepa-physics-decoder==0.1.0) (0.5)
Building wheels for collected packages: vjepa-physics-decoder
  Building editable for vjepa-physics-decoder (pyproject.toml): started
  Building editable for vjepa-physics-decoder (pyproject.toml): finished with status 'done'
  Created wheel for vjepa-physics-decoder: filename=vjepa_physics_decoder-0.1.0-0.editable-py3-none-any.whl size=10981 sha256=f3d9a6e9aa0d28d5f3d94df5a5f0704d04a385a47c64a73160b3201d71fc3cba
  Stored in directory: /tmp/pip-ephem-wheel-cache-_oqns8fc/wheels/8c/7c/eb/6e61e991a1f97eeb21599820c67d30ef3bd5349b75bf822d23
Successfully built vjepa-physics-decoder
Installing collected packages: vjepa-physics-decoder
  Attempting uninstall: vjepa-physics-decoder
    Found existing installation: vjepa-physics-decoder 0.1.0
    Uninstalling vjepa-physics-decoder-0.1.0:
      Successfully uninstalled vjepa-physics-decoder-0.1.0
Successfully installed vjepa-physics-decoder-0.1.0
pillow 11.3.0
genesis OK
