The following modules were not unloaded:
  (Use "module --force purge" to unload all):

  1) StdEnv
The following values were not passed to `accelerate launch` and had defaults used instead:
		More than one GPU was found, enabling multi-GPU training.
		If this was unintended please pass in `--num_processes=1`.
	`--num_machines` was set to a value of `1`
	`--dynamo_backend` was set to a value of `'no'`
To avoid this warning pass in values for each of the problematic parameters or run `accelerate config`.
[rank1]: Traceback (most recent call last):
[rank1]:   File "/home/zss8/.conda/envs/vjepa-physics-decoder/lib/python3.11/site-packages/torch/utils/data/dataloader.py", line 1287, in _try_get_data
[rank1]:     data = self._data_queue.get(timeout=timeout)
[rank1]:            ^^^^^^^^^^^^^^^^^^^^^^^^^^^^^^^^^^^^^
[rank1]:   File "/home/zss8/.conda/envs/vjepa-physics-decoder/lib/python3.11/multiprocessing/queues.py", line 113, in get
[rank1]:     if not self._poll(timeout):
[rank1]:            ^^^^^^^^^^^^^^^^^^^
[rank1]:   File "/home/zss8/.conda/envs/vjepa-physics-decoder/lib/python3.11/multiprocessing/connection.py", line 257, in poll
[rank1]:     return self._poll(timeout)
[rank1]:            ^^^^^^^^^^^^^^^^^^^
[rank1]:   File "/home/zss8/.conda/envs/vjepa-physics-decoder/lib/python3.11/multiprocessing/connection.py", line 440, in _poll
[rank1]:     r = wait([self], timeout)
[rank1]:         ^^^^^^^^^^^^^^^^^^^^^
[rank1]:   File "/home/zss8/.conda/envs/vjepa-physics-decoder/lib/python3.11/multiprocessing/connection.py", line 948, in wait
[rank1]:     ready = selector.select(timeout)
[rank1]:             ^^^^^^^^^^^^^^^^^^^^^^^^
[rank1]:   File "/home/zss8/.conda/envs/vjepa-physics-decoder/lib/python3.11/selectors.py", line 415, in select
[rank1]:     fd_event_list = self._selector.poll(timeout)
[rank1]:                     ^^^^^^^^^^^^^^^^^^^^^^^^^^^^
[rank1]:   File "/home/zss8/.conda/envs/vjepa-physics-decoder/lib/python3.11/site-packages/torch/utils/data/_utils/signal_handling.py", line 73, in handler
[rank1]:     _error_if_any_worker_fails()
[rank1]: RuntimeError: DataLoader worker (pid 405865) is killed by signal: Killed. 

[rank1]: The above exception was the direct cause of the following exception:

[rank1]: Traceback (most recent call last):
[rank1]:   File "/nfs/roberts/project/pi_jks79/zss8/latent-to-pixel-decoder/scripts/train_decoder.py", line 44, in <module>
[rank1]:     main()
[rank1]:   File "/nfs/roberts/project/pi_jks79/zss8/latent-to-pixel-decoder/scripts/train_decoder.py", line 39, in main
[rank1]:     summary = train_decoder(cfg)
[rank1]:               ^^^^^^^^^^^^^^^^^^
[rank1]:   File "/nfs/roberts/project/pi_jks79/zss8/latent-to-pixel-decoder/src/training/train_decoder.py", line 91, in train_decoder
[rank1]:     batch = next(data_iter)
[rank1]:             ^^^^^^^^^^^^^^^
[rank1]:   File "/nfs/roberts/project/pi_jks79/zss8/latent-to-pixel-decoder/src/training/train_decoder.py", line 135, in _cycle
[rank1]:     yield from loader
[rank1]:   File "/home/zss8/.conda/envs/vjepa-physics-decoder/lib/python3.11/site-packages/accelerate/data_loader.py", line 585, in __iter__
[rank1]:     current_batch = next(dataloader_iter)
[rank1]:                     ^^^^^^^^^^^^^^^^^^^^^
[rank1]:   File "/home/zss8/.conda/envs/vjepa-physics-decoder/lib/python3.11/site-packages/torch/utils/data/dataloader.py", line 718, in __next__
[rank1]:     data = self._next_data()
[rank1]:            ^^^^^^^^^^^^^^^^^
[rank1]:   File "/home/zss8/.conda/envs/vjepa-physics-decoder/lib/python3.11/site-packages/torch/utils/data/dataloader.py", line 1501, in _next_data
[rank1]:     idx, data = self._get_data()
[rank1]:                 ^^^^^^^^^^^^^^^^
[rank1]:   File "/home/zss8/.conda/envs/vjepa-physics-decoder/lib/python3.11/site-packages/torch/utils/data/dataloader.py", line 1460, in _get_data
[rank1]:     success, data = self._try_get_data()
[rank1]:                     ^^^^^^^^^^^^^^^^^^^^
[rank1]:   File "/home/zss8/.conda/envs/vjepa-physics-decoder/lib/python3.11/site-packages/torch/utils/data/dataloader.py", line 1300, in _try_get_data
[rank1]:     raise RuntimeError(
[rank1]: RuntimeError: DataLoader worker (pid(s) 405865) exited unexpectedly
/home/zss8/.conda/envs/vjepa-physics-decoder/lib/python3.11/site-packages/torchvision/models/_utils.py:208: UserWarning: The parameter 'pretrained' is deprecated since 0.13 and may be removed in the future, please use 'weights' instead.
  warnings.warn(
/home/zss8/.conda/envs/vjepa-physics-decoder/lib/python3.11/site-packages/torchvision/models/_utils.py:223: UserWarning: Arguments other than a weight enum or `None` for 'weights' are deprecated since 0.13 and may be removed in the future. The current behavior is equivalent to passing `weights=AlexNet_Weights.IMAGENET1K_V1`. You can also use `weights=AlexNet_Weights.DEFAULT` to get the most up-to-date weights.
  warnings.warn(msg)
  0%|          | 0.00/233M [00:00<?, ?B/s]  8%|▊         | 19.6M/233M [00:00<00:01, 205MB/s] 36%|███▌      | 83.1M/233M [00:00<00:00, 475MB/s] 58%|█████▊    | 134M/233M [00:00<00:00, 502MB/s] W0619 13:40:10.190000 405686 /nfs/roberts/project/pi_jks79/zss8/ycrc_conda/envs/vjepa-physics-decoder/lib/python3.11/site-packages/torch/distributed/elastic/multiprocessing/api.py:1014] Sending process 405776 closing signal SIGTERM
W0619 13:40:10.191000 405686 /nfs/roberts/project/pi_jks79/zss8/ycrc_conda/envs/vjepa-physics-decoder/lib/python3.11/site-packages/torch/distributed/elastic/multiprocessing/api.py:1014] Sending process 405778 closing signal SIGTERM
W0619 13:40:10.191000 405686 /nfs/roberts/project/pi_jks79/zss8/ycrc_conda/envs/vjepa-physics-decoder/lib/python3.11/site-packages/torch/distributed/elastic/multiprocessing/api.py:1014] Sending process 405779 closing signal SIGTERM
E0619 13:40:10.305000 405686 /nfs/roberts/project/pi_jks79/zss8/ycrc_conda/envs/vjepa-physics-decoder/lib/python3.11/site-packages/torch/distributed/elastic/multiprocessing/api.py:988] failed (exitcode: 1) local_rank: 1 (pid: 405777) of binary: /home/zss8/.conda/envs/vjepa-physics-decoder/bin/python
Traceback (most recent call last):
  File "/home/zss8/.conda/envs/vjepa-physics-decoder/bin/accelerate", line 6, in <module>
    sys.exit(main())
             ^^^^^^
  File "/home/zss8/.conda/envs/vjepa-physics-decoder/lib/python3.11/site-packages/accelerate/commands/accelerate_cli.py", line 50, in main
    args.func(args)
  File "/home/zss8/.conda/envs/vjepa-physics-decoder/lib/python3.11/site-packages/accelerate/commands/launch.py", line 1398, in launch_command
    multi_gpu_launcher(args)
  File "/home/zss8/.conda/envs/vjepa-physics-decoder/lib/python3.11/site-packages/accelerate/commands/launch.py", line 1023, in multi_gpu_launcher
    distrib_run.run(args)
  File "/home/zss8/.conda/envs/vjepa-physics-decoder/lib/python3.11/site-packages/torch/distributed/run.py", line 1007, in run
    elastic_launch(
  File "/home/zss8/.conda/envs/vjepa-physics-decoder/lib/python3.11/site-packages/torch/distributed/launcher/api.py", line 191, in __call__
    return launch_agent(self._config, self._entrypoint, list(args))
           ^^^^^^^^^^^^^^^^^^^^^^^^^^^^^^^^^^^^^^^^^^^^^^^^^^^^^^^^
  File "/home/zss8/.conda/envs/vjepa-physics-decoder/lib/python3.11/site-packages/torch/distributed/launcher/api.py", line 371, in launch_agent
    raise ChildFailedError(
torch.distributed.elastic.multiprocessing.errors.ChildFailedError: 
============================================================
scripts/train_decoder.py FAILED
------------------------------------------------------------
Failures:
[1]:
  time      : 2026-06-19_13:40:10
  host      : a1112u13n01.mghpcc.ycrc.yale.edu
  rank      : 0 (local_rank: 0)
  exitcode  : -15 (pid: 405776)  (SIGTERM)
  error_file: <N/A>
  traceback : Signal 15 (SIGTERM) received by PID 405776
[2]:
  time      : 2026-06-19_13:40:10
  host      : a1112u13n01.mghpcc.ycrc.yale.edu
  rank      : 2 (local_rank: 2)
  exitcode  : -15 (pid: 405778)  (SIGTERM)
  error_file: <N/A>
  traceback : Signal 15 (SIGTERM) received by PID 405778
[3]:
  time      : 2026-06-19_13:40:10
  host      : a1112u13n01.mghpcc.ycrc.yale.edu
  rank      : 3 (local_rank: 3)
  exitcode  : -15 (pid: 405779)  (SIGTERM)
  error_file: <N/A>
  traceback : Signal 15 (SIGTERM) received by PID 405779
------------------------------------------------------------
Root Cause (first observed failure):
[0]:
  time      : 2026-06-19_13:40:10
  host      : a1112u13n01.mghpcc.ycrc.yale.edu
  rank      : 1 (local_rank: 1)
  exitcode  : 1 (pid: 405777) 
  error_file: <N/A>
  traceback : To enable traceback see: https://pytorch.org/docs/stable/elastic/errors.html
============================================================
[2026-06-19T13:40:11.063] error: Detected 1 oom_kill event in StepId=15526167.batch. Some of the step tasks have been OOM Killed.
