The following modules were not unloaded:
  (Use "module --force purge" to unload all):

  1) StdEnv
The following values were not passed to `accelerate launch` and had defaults used instead:
		More than one GPU was found, enabling multi-GPU training.
		If this was unintended please pass in `--num_processes=1`.
	`--num_machines` was set to a value of `1`
	`--dynamo_backend` was set to a value of `'no'`
To avoid this warning pass in values for each of the problematic parameters or run `accelerate config`.
[rank3]: Traceback (most recent call last):
[rank3]:   File "/nfs/roberts/project/pi_jks79/zss8/latent-to-pixel-decoder/scripts/train_decoder.py", line 44, in <module>
[rank3]:     main()
[rank3]:   File "/nfs/roberts/project/pi_jks79/zss8/latent-to-pixel-decoder/scripts/train_decoder.py", line 39, in main
[rank3]:     summary = train_decoder(cfg)
[rank3]:               ^^^^^^^^^^^^^^^^^^
[rank3]:   File "/nfs/roberts/project/pi_jks79/zss8/latent-to-pixel-decoder/src/training/train_decoder.py", line 95, in train_decoder
[rank3]:     out = decoder(latents, grid)
[rank3]:           ^^^^^^^^^^^^^^^^^^^^^^
[rank3]:   File "/home/zss8/.conda/envs/vjepa-physics-decoder/lib/python3.11/site-packages/torch/nn/modules/module.py", line 1778, in _wrapped_call_impl
[rank3]:     return self._call_impl(*args, **kwargs)
[rank3]:            ^^^^^^^^^^^^^^^^^^^^^^^^^^^^^^^^
[rank3]:   File "/home/zss8/.conda/envs/vjepa-physics-decoder/lib/python3.11/site-packages/torch/nn/modules/module.py", line 1789, in _call_impl
[rank3]:     return forward_call(*args, **kwargs)
[rank3]:            ^^^^^^^^^^^^^^^^^^^^^^^^^^^^^
[rank3]:   File "/home/zss8/.conda/envs/vjepa-physics-decoder/lib/python3.11/site-packages/torch/nn/parallel/distributed.py", line 1832, in forward
[rank3]:     else self._run_ddp_forward(*inputs, **kwargs)
[rank3]:          ^^^^^^^^^^^^^^^^^^^^^^^^^^^^^^^^^^^^^^^^
[rank3]:   File "/home/zss8/.conda/envs/vjepa-physics-decoder/lib/python3.11/site-packages/torch/nn/parallel/distributed.py", line 1657, in _run_ddp_forward
[rank3]:     return self.module(*inputs, **kwargs)  # type: ignore[index]
[rank3]:            ^^^^^^^^^^^^^^^^^^^^^^^^^^^^^^
[rank3]:   File "/home/zss8/.conda/envs/vjepa-physics-decoder/lib/python3.11/site-packages/torch/nn/modules/module.py", line 1778, in _wrapped_call_impl
[rank3]:     return self._call_impl(*args, **kwargs)
[rank3]:            ^^^^^^^^^^^^^^^^^^^^^^^^^^^^^^^^
[rank3]:   File "/home/zss8/.conda/envs/vjepa-physics-decoder/lib/python3.11/site-packages/torch/nn/modules/module.py", line 1789, in _call_impl
[rank3]:     return forward_call(*args, **kwargs)
[rank3]:            ^^^^^^^^^^^^^^^^^^^^^^^^^^^^^
[rank3]:   File "/home/zss8/.conda/envs/vjepa-physics-decoder/lib/python3.11/site-packages/accelerate/utils/operations.py", line 943, in forward
[rank3]:     return model_forward(*args, **kwargs)
[rank3]:            ^^^^^^^^^^^^^^^^^^^^^^^^^^^^^^
[rank3]:   File "/home/zss8/.conda/envs/vjepa-physics-decoder/lib/python3.11/site-packages/accelerate/utils/operations.py", line 931, in __call__
[rank3]:     return convert_to_fp32(self.model_forward(*args, **kwargs))
[rank3]:                            ^^^^^^^^^^^^^^^^^^^^^^^^^^^^^^^^^^^
[rank3]:   File "/home/zss8/.conda/envs/vjepa-physics-decoder/lib/python3.11/site-packages/torch/amp/autocast_mode.py", line 44, in decorate_autocast
[rank3]:     return func(*args, **kwargs)
[rank3]:            ^^^^^^^^^^^^^^^^^^^^^
[rank3]:   File "/nfs/roberts/project/pi_jks79/zss8/latent-to-pixel-decoder/src/decoders/transformer_video_decoder.py", line 160, in forward
[rank3]:     memory = self._build_memory(latents, grid)
[rank3]:              ^^^^^^^^^^^^^^^^^^^^^^^^^^^^^^^^^
[rank3]:   File "/nfs/roberts/project/pi_jks79/zss8/latent-to-pixel-decoder/src/decoders/transformer_video_decoder.py", line 138, in _build_memory
[rank3]:     t_emb = _sincos_1d(tp, self.dim).to(self.latent_proj.weight.device)
[rank3]:             ^^^^^^^^^^^^^^^^^^^^^^^^^^^^^^^^^^^^^^^^^^^^^^^^^^^^^^^^^^^
[rank3]:   File "/home/zss8/.conda/envs/vjepa-physics-decoder/lib/python3.11/site-packages/torch/utils/data/_utils/signal_handling.py", line 73, in handler
[rank3]:     _error_if_any_worker_fails()
[rank3]: RuntimeError: DataLoader worker (pid 403053) is killed by signal: Killed. 
[rank0]: Traceback (most recent call last):
[rank0]:   File "/nfs/roberts/project/pi_jks79/zss8/latent-to-pixel-decoder/scripts/train_decoder.py", line 44, in <module>
[rank0]:     main()
[rank0]:   File "/nfs/roberts/project/pi_jks79/zss8/latent-to-pixel-decoder/scripts/train_decoder.py", line 39, in main
[rank0]:     summary = train_decoder(cfg)
[rank0]:               ^^^^^^^^^^^^^^^^^^
[rank0]:   File "/nfs/roberts/project/pi_jks79/zss8/latent-to-pixel-decoder/src/training/train_decoder.py", line 96, in train_decoder
[rank0]:     loss, logs = loss_fn(
[rank0]:                  ^^^^^^^^
[rank0]:   File "/home/zss8/.conda/envs/vjepa-physics-decoder/lib/python3.11/site-packages/torch/nn/modules/module.py", line 1778, in _wrapped_call_impl
[rank0]:     return self._call_impl(*args, **kwargs)
[rank0]:            ^^^^^^^^^^^^^^^^^^^^^^^^^^^^^^^^
[rank0]:   File "/home/zss8/.conda/envs/vjepa-physics-decoder/lib/python3.11/site-packages/torch/nn/modules/module.py", line 1789, in _call_impl
[rank0]:     return forward_call(*args, **kwargs)
[rank0]:            ^^^^^^^^^^^^^^^^^^^^^^^^^^^^^
[rank0]:   File "/nfs/roberts/project/pi_jks79/zss8/latent-to-pixel-decoder/src/decoders/loss_functions.py", line 199, in forward
[rank0]:     add("ssim", c.ssim, ssim_loss(pred_frames, target_frames))
[rank0]:                         ^^^^^^^^^^^^^^^^^^^^^^^^^^^^^^^^^^^^^
[rank0]:   File "/nfs/roberts/project/pi_jks79/zss8/latent-to-pixel-decoder/src/decoders/loss_functions.py", line 59, in ssim_loss
[rank0]:     return 1.0 - ssim(pred, target)
[rank0]:                  ^^^^^^^^^^^^^^^^^^
[rank0]:   File "/nfs/roberts/project/pi_jks79/zss8/latent-to-pixel-decoder/src/decoders/loss_functions.py", line 47, in ssim
[rank0]:     mu_p = F.conv2d(p, win, padding=pad, groups=c)
[rank0]:            ^^^^^^^^^^^^^^^^^^^^^^^^^^^^^^^^^^^^^^^
[rank0]: RuntimeError: expected scalar type BFloat16 but found Float
[rank2]: Traceback (most recent call last):
[rank2]:   File "/nfs/roberts/project/pi_jks79/zss8/latent-to-pixel-decoder/scripts/train_decoder.py", line 44, in <module>
[rank2]:     main()
[rank2]:   File "/nfs/roberts/project/pi_jks79/zss8/latent-to-pixel-decoder/scripts/train_decoder.py", line 39, in main
[rank2]:     summary = train_decoder(cfg)
[rank2]:               ^^^^^^^^^^^^^^^^^^
[rank2]:   File "/nfs/roberts/project/pi_jks79/zss8/latent-to-pixel-decoder/src/training/train_decoder.py", line 96, in train_decoder
[rank2]:     loss, logs = loss_fn(
[rank2]:                  ^^^^^^^^
[rank2]:   File "/home/zss8/.conda/envs/vjepa-physics-decoder/lib/python3.11/site-packages/torch/nn/modules/module.py", line 1778, in _wrapped_call_impl
[rank2]:     return self._call_impl(*args, **kwargs)
[rank2]:            ^^^^^^^^^^^^^^^^^^^^^^^^^^^^^^^^
[rank2]:   File "/home/zss8/.conda/envs/vjepa-physics-decoder/lib/python3.11/site-packages/torch/nn/modules/module.py", line 1789, in _call_impl
[rank2]:     return forward_call(*args, **kwargs)
[rank2]:            ^^^^^^^^^^^^^^^^^^^^^^^^^^^^^
[rank2]:   File "/nfs/roberts/project/pi_jks79/zss8/latent-to-pixel-decoder/src/decoders/loss_functions.py", line 199, in forward
[rank2]:     add("ssim", c.ssim, ssim_loss(pred_frames, target_frames))
[rank2]:                         ^^^^^^^^^^^^^^^^^^^^^^^^^^^^^^^^^^^^^
[rank2]:   File "/nfs/roberts/project/pi_jks79/zss8/latent-to-pixel-decoder/src/decoders/loss_functions.py", line 59, in ssim_loss
[rank2]:     return 1.0 - ssim(pred, target)
[rank2]:                  ^^^^^^^^^^^^^^^^^^
[rank2]:   File "/nfs/roberts/project/pi_jks79/zss8/latent-to-pixel-decoder/src/decoders/loss_functions.py", line 47, in ssim
[rank2]:     mu_p = F.conv2d(p, win, padding=pad, groups=c)
[rank2]:            ^^^^^^^^^^^^^^^^^^^^^^^^^^^^^^^^^^^^^^^
[rank2]: RuntimeError: expected scalar type BFloat16 but found Float
[rank1]: Traceback (most recent call last):
[rank1]:   File "/nfs/roberts/project/pi_jks79/zss8/latent-to-pixel-decoder/scripts/train_decoder.py", line 44, in <module>
[rank1]:     main()
[rank1]:   File "/nfs/roberts/project/pi_jks79/zss8/latent-to-pixel-decoder/scripts/train_decoder.py", line 39, in main
[rank1]:     summary = train_decoder(cfg)
[rank1]:               ^^^^^^^^^^^^^^^^^^
[rank1]:   File "/nfs/roberts/project/pi_jks79/zss8/latent-to-pixel-decoder/src/training/train_decoder.py", line 96, in train_decoder
[rank1]:     loss, logs = loss_fn(
[rank1]:                  ^^^^^^^^
[rank1]:   File "/home/zss8/.conda/envs/vjepa-physics-decoder/lib/python3.11/site-packages/torch/nn/modules/module.py", line 1778, in _wrapped_call_impl
[rank1]:     return self._call_impl(*args, **kwargs)
[rank1]:            ^^^^^^^^^^^^^^^^^^^^^^^^^^^^^^^^
[rank1]:   File "/home/zss8/.conda/envs/vjepa-physics-decoder/lib/python3.11/site-packages/torch/nn/modules/module.py", line 1789, in _call_impl
[rank1]:     return forward_call(*args, **kwargs)
[rank1]:            ^^^^^^^^^^^^^^^^^^^^^^^^^^^^^
[rank1]:   File "/nfs/roberts/project/pi_jks79/zss8/latent-to-pixel-decoder/src/decoders/loss_functions.py", line 199, in forward
[rank1]:     add("ssim", c.ssim, ssim_loss(pred_frames, target_frames))
[rank1]:                         ^^^^^^^^^^^^^^^^^^^^^^^^^^^^^^^^^^^^^
[rank1]:   File "/nfs/roberts/project/pi_jks79/zss8/latent-to-pixel-decoder/src/decoders/loss_functions.py", line 59, in ssim_loss
[rank1]:     return 1.0 - ssim(pred, target)
[rank1]:                  ^^^^^^^^^^^^^^^^^^
[rank1]:   File "/nfs/roberts/project/pi_jks79/zss8/latent-to-pixel-decoder/src/decoders/loss_functions.py", line 47, in ssim
[rank1]:     mu_p = F.conv2d(p, win, padding=pad, groups=c)
[rank1]:            ^^^^^^^^^^^^^^^^^^^^^^^^^^^^^^^^^^^^^^^
[rank1]: RuntimeError: expected scalar type BFloat16 but found Float
W0619 13:25:07.546000 402874 /nfs/roberts/project/pi_jks79/zss8/ycrc_conda/envs/vjepa-physics-decoder/lib/python3.11/site-packages/torch/distributed/elastic/multiprocessing/api.py:1014] Sending process 402964 closing signal SIGTERM
W0619 13:25:07.547000 402874 /nfs/roberts/project/pi_jks79/zss8/ycrc_conda/envs/vjepa-physics-decoder/lib/python3.11/site-packages/torch/distributed/elastic/multiprocessing/api.py:1014] Sending process 402965 closing signal SIGTERM
W0619 13:25:07.547000 402874 /nfs/roberts/project/pi_jks79/zss8/ycrc_conda/envs/vjepa-physics-decoder/lib/python3.11/site-packages/torch/distributed/elastic/multiprocessing/api.py:1014] Sending process 402966 closing signal SIGTERM
E0619 13:25:07.549000 402874 /nfs/roberts/project/pi_jks79/zss8/ycrc_conda/envs/vjepa-physics-decoder/lib/python3.11/site-packages/torch/distributed/elastic/multiprocessing/api.py:988] failed (exitcode: 1) local_rank: 3 (pid: 402967) of binary: /home/zss8/.conda/envs/vjepa-physics-decoder/bin/python
Traceback (most recent call last):
  File "/home/zss8/.conda/envs/vjepa-physics-decoder/bin/accelerate", line 6, in <module>
    sys.exit(main())
             ^^^^^^
  File "/home/zss8/.conda/envs/vjepa-physics-decoder/lib/python3.11/site-packages/accelerate/commands/accelerate_cli.py", line 50, in main
    args.func(args)
  File "/home/zss8/.conda/envs/vjepa-physics-decoder/lib/python3.11/site-packages/accelerate/commands/launch.py", line 1398, in launch_command
    multi_gpu_launcher(args)
  File "/home/zss8/.conda/envs/vjepa-physics-decoder/lib/python3.11/site-packages/accelerate/commands/launch.py", line 1023, in multi_gpu_launcher
    distrib_run.run(args)
  File "/home/zss8/.conda/envs/vjepa-physics-decoder/lib/python3.11/site-packages/torch/distributed/run.py", line 1007, in run
    elastic_launch(
  File "/home/zss8/.conda/envs/vjepa-physics-decoder/lib/python3.11/site-packages/torch/distributed/launcher/api.py", line 191, in __call__
    return launch_agent(self._config, self._entrypoint, list(args))
           ^^^^^^^^^^^^^^^^^^^^^^^^^^^^^^^^^^^^^^^^^^^^^^^^^^^^^^^^
  File "/home/zss8/.conda/envs/vjepa-physics-decoder/lib/python3.11/site-packages/torch/distributed/launcher/api.py", line 371, in launch_agent
    raise ChildFailedError(
torch.distributed.elastic.multiprocessing.errors.ChildFailedError: 
============================================================
scripts/train_decoder.py FAILED
------------------------------------------------------------
Failures:
[1]:
  time      : 2026-06-19_13:25:07
  host      : a1112u13n01.mghpcc.ycrc.yale.edu
  rank      : 0 (local_rank: 0)
  exitcode  : -15 (pid: 402964)  (SIGTERM)
  error_file: <N/A>
  traceback : Signal 15 (SIGTERM) received by PID 402964
[2]:
  time      : 2026-06-19_13:25:07
  host      : a1112u13n01.mghpcc.ycrc.yale.edu
  rank      : 1 (local_rank: 1)
  exitcode  : -15 (pid: 402965)  (SIGTERM)
  error_file: <N/A>
  traceback : Signal 15 (SIGTERM) received by PID 402965
[3]:
  time      : 2026-06-19_13:25:07
  host      : a1112u13n01.mghpcc.ycrc.yale.edu
  rank      : 2 (local_rank: 2)
  exitcode  : -15 (pid: 402966)  (SIGTERM)
  error_file: <N/A>
  traceback : Signal 15 (SIGTERM) received by PID 402966
------------------------------------------------------------
Root Cause (first observed failure):
[0]:
  time      : 2026-06-19_13:25:07
  host      : a1112u13n01.mghpcc.ycrc.yale.edu
  rank      : 3 (local_rank: 3)
  exitcode  : 1 (pid: 402967) 
  error_file: <N/A>
  traceback : To enable traceback see: https://pytorch.org/docs/stable/elastic/errors.html
============================================================
[2026-06-19T13:25:08.382] error: Detected 1 oom_kill event in StepId=15525410.batch. Some of the step tasks have been OOM Killed.
