The following modules were not unloaded:
  (Use "module --force purge" to unload all):

  1) StdEnv
The following values were not passed to `accelerate launch` and had defaults used instead:
		More than one GPU was found, enabling multi-GPU training.
		If this was unintended please pass in `--num_processes=1`.
	`--num_machines` was set to a value of `1`
	`--dynamo_backend` was set to a value of `'no'`
To avoid this warning pass in values for each of the problematic parameters or run `accelerate config`.
Traceback (most recent call last):
Traceback (most recent call last):
Traceback (most recent call last):
Traceback (most recent call last):
  File "/nfs/roberts/project/pi_jks79/zss8/latent-to-pixel-decoder/scripts/train_decoder.py", line 20, in <module>
  File "/nfs/roberts/project/pi_jks79/zss8/latent-to-pixel-decoder/scripts/train_decoder.py", line 20, in <module>
  File "/nfs/roberts/project/pi_jks79/zss8/latent-to-pixel-decoder/scripts/train_decoder.py", line 20, in <module>
  File "/nfs/roberts/project/pi_jks79/zss8/latent-to-pixel-decoder/scripts/train_decoder.py", line 20, in <module>
    from src.training import train_decoder
  File "/nfs/roberts/project/pi_jks79/zss8/latent-to-pixel-decoder/src/training/__init__.py", line 7, in <module>
    from .train_decoder import train_decoder
  File "/nfs/roberts/project/pi_jks79/zss8/latent-to-pixel-decoder/src/training/train_decoder.py", line 85
    jsonl = JSONLLogger(out_dir / "metrics.jsonl") if accelerator.is_main_process else None
TabError: inconsistent use of tabs and spaces in indentation
    from src.training import train_decoder
  File "/nfs/roberts/project/pi_jks79/zss8/latent-to-pixel-decoder/src/training/__init__.py", line 7, in <module>
    from src.training import train_decoder
  File "/nfs/roberts/project/pi_jks79/zss8/latent-to-pixel-decoder/src/training/__init__.py", line 7, in <module>
    from src.training import train_decoder
  File "/nfs/roberts/project/pi_jks79/zss8/latent-to-pixel-decoder/src/training/__init__.py", line 7, in <module>
    from .train_decoder import train_decoder
  File "/nfs/roberts/project/pi_jks79/zss8/latent-to-pixel-decoder/src/training/train_decoder.py", line 85
    jsonl = JSONLLogger(out_dir / "metrics.jsonl") if accelerator.is_main_process else None
TabError: inconsistent use of tabs and spaces in indentation
    from .train_decoder import train_decoder
  File "/nfs/roberts/project/pi_jks79/zss8/latent-to-pixel-decoder/src/training/train_decoder.py", line 85
    jsonl = JSONLLogger(out_dir / "metrics.jsonl") if accelerator.is_main_process else None
TabError: inconsistent use of tabs and spaces in indentation
    from .train_decoder import train_decoder
  File "/nfs/roberts/project/pi_jks79/zss8/latent-to-pixel-decoder/src/training/train_decoder.py", line 85
    jsonl = JSONLLogger(out_dir / "metrics.jsonl") if accelerator.is_main_process else None
TabError: inconsistent use of tabs and spaces in indentation
E0619 13:15:07.807000 400815 /nfs/roberts/project/pi_jks79/zss8/ycrc_conda/envs/vjepa-physics-decoder/lib/python3.11/site-packages/torch/distributed/elastic/multiprocessing/api.py:988] failed (exitcode: 1) local_rank: 0 (pid: 400909) of binary: /home/zss8/.conda/envs/vjepa-physics-decoder/bin/python
Traceback (most recent call last):
  File "/home/zss8/.conda/envs/vjepa-physics-decoder/bin/accelerate", line 6, in <module>
    sys.exit(main())
             ^^^^^^
  File "/home/zss8/.conda/envs/vjepa-physics-decoder/lib/python3.11/site-packages/accelerate/commands/accelerate_cli.py", line 50, in main
    args.func(args)
  File "/home/zss8/.conda/envs/vjepa-physics-decoder/lib/python3.11/site-packages/accelerate/commands/launch.py", line 1398, in launch_command
    multi_gpu_launcher(args)
  File "/home/zss8/.conda/envs/vjepa-physics-decoder/lib/python3.11/site-packages/accelerate/commands/launch.py", line 1023, in multi_gpu_launcher
    distrib_run.run(args)
  File "/home/zss8/.conda/envs/vjepa-physics-decoder/lib/python3.11/site-packages/torch/distributed/run.py", line 1007, in run
    elastic_launch(
  File "/home/zss8/.conda/envs/vjepa-physics-decoder/lib/python3.11/site-packages/torch/distributed/launcher/api.py", line 191, in __call__
    return launch_agent(self._config, self._entrypoint, list(args))
           ^^^^^^^^^^^^^^^^^^^^^^^^^^^^^^^^^^^^^^^^^^^^^^^^^^^^^^^^
  File "/home/zss8/.conda/envs/vjepa-physics-decoder/lib/python3.11/site-packages/torch/distributed/launcher/api.py", line 371, in launch_agent
    raise ChildFailedError(
torch.distributed.elastic.multiprocessing.errors.ChildFailedError: 
============================================================
scripts/train_decoder.py FAILED
------------------------------------------------------------
Failures:
[1]:
  time      : 2026-06-19_13:15:07
  host      : a1112u13n01.mghpcc.ycrc.yale.edu
  rank      : 1 (local_rank: 1)
  exitcode  : 1 (pid: 400910) 
  error_file: <N/A>
  traceback : To enable traceback see: https://pytorch.org/docs/stable/elastic/errors.html
[2]:
  time      : 2026-06-19_13:15:07
  host      : a1112u13n01.mghpcc.ycrc.yale.edu
  rank      : 2 (local_rank: 2)
  exitcode  : 1 (pid: 400911) 
  error_file: <N/A>
  traceback : To enable traceback see: https://pytorch.org/docs/stable/elastic/errors.html
[3]:
  time      : 2026-06-19_13:15:07
  host      : a1112u13n01.mghpcc.ycrc.yale.edu
  rank      : 3 (local_rank: 3)
  exitcode  : 1 (pid: 400912) 
  error_file: <N/A>
  traceback : To enable traceback see: https://pytorch.org/docs/stable/elastic/errors.html
------------------------------------------------------------
Root Cause (first observed failure):
[0]:
  time      : 2026-06-19_13:15:07
  host      : a1112u13n01.mghpcc.ycrc.yale.edu
  rank      : 0 (local_rank: 0)
  exitcode  : 1 (pid: 400909) 
  error_file: <N/A>
  traceback : To enable traceback see: https://pytorch.org/docs/stable/elastic/errors.html
============================================================
